
> predata@0.1.0 dev
> next dev

▲ Next.js 16.1.6 (Turbopack)
- Local:         http://localhost:3000
- Network:       http://192.168.219.105:3000
- Environments: .env.local, .env

✓ Starting...
⚠ The "middleware" file convention is deprecated. Please use "proxy" instead. Learn more: https://nextjs.org/docs/messages/middleware-to-proxy
✓ Ready in 589ms
○ Compiling /my-page ...
Lit is in dev mode. Not recommended for production  Reload env: .env.local
Persisting failed: Unable to open static sorted file referenced from 00000006.meta

Caused by:
    0: Unable to open static sorted file 00000003.sst
    1: No such file or directory (os error 2)
der: 58ms)
 HEAD /my-page 200 in 187ms (compile: 156ms, render: 31ms)
  Reload env: .env.local
✓ Compiled in 1407ms
 GET /my-page 200 in 1448ms (compile: 1426ms, render: 21ms)
